<?xml version="1.0" encoding="UTF-8"?>
<!-- Generated by org.testng.reporters.JUnitXMLReporter -->
<testsuite hostname="ip-10-91-0-4.us-east-2.compute.internal" name="Test" tests="1" failures="1" timestamp="8 Dec 2017 09:38:44 GMT" time="61.916" errors="0">
  <testcase name="testgooglrsearch" time="61.901" classname="example.NewTest">
    <failure type="org.openqa.selenium.WebDriverException" message="connection refused
Build info: version: &amp;apos;3.4.0&amp;apos;, revision: &amp;apos;unknown&amp;apos;, time: &amp;apos;unknown&amp;apos;
System info: host: &amp;apos;ip-10-91-0-4.us-east-2.compute.internal&amp;apos;, ip: &amp;apos;10.91.0.4&amp;apos;, os.name: &amp;apos;Linux&amp;apos;, os.arch: &amp;apos;amd64&amp;apos;, os.version: &amp;apos;3.10.0-693.11.1.el7.x86_64&amp;apos;, java.version: &amp;apos;1.8.0_151&amp;apos;
Driver info: driver.version: FirefoxDriver
remote stacktrace: stack backtrace:
   0:           0x4edb3c - backtrace::backtrace::trace::hc4bd56a2f176de7e
   1:           0x4edb72 - backtrace::capture::Backtrace::new::he3b2a15d39027c46
   2:           0x440ac8 - webdriver::error::WebDriverError::new::ha0fbd6d1a1131b43
   3:           0x447ba9 - geckodriver::marionette::MarionetteHandler::create_connection::hf0532ddb9e159684
   4:           0x428570 - &amp;lt;webdriver::server::Dispatcher&amp;lt;T, U&amp;gt;&amp;gt;::run::h2119c674d7b88193
   5:           0x4029b9 - std::sys_common::backtrace::__rust_begin_short_backtrace::h21d98a9ff86d4c25
   6:           0x40be65 - std::panicking::try::do_call::h5cff0c9b18cfdbba
   7:           0x5e6a6c - panic_unwind::__rust_maybe_catch_panic
                        at /checkout/src/libpanic_unwind/lib.rs:99
   8:           0x41eb22 - &amp;lt;F as alloc::boxed::FnBox&amp;lt;A&amp;gt;&amp;gt;::call_box::h413eb1d9d9f1c473
   9:           0x5df13b - alloc::boxed::{{impl}}::call_once&amp;lt;(),()&amp;gt;
                        at /checkout/src/liballoc/boxed.rs:692
                         - std::sys_common::thread::start_thread
                        at /checkout/src/libstd/sys_common/thread.rs:21
                         - std::sys::imp::thread::{{impl}}::new::thread_start
                        at /checkout/src/libstd/sys/unix/thread.rs:84">
      <![CDATA[org.openqa.selenium.WebDriverException: connection refused
Build info: version: '3.4.0', revision: 'unknown', time: 'unknown'
System info: host: 'ip-10-91-0-4.us-east-2.compute.internal', ip: '10.91.0.4', os.name: 'Linux', os.arch: 'amd64', os.version: '3.10.0-693.11.1.el7.x86_64', java.version: '1.8.0_151'
Driver info: driver.version: FirefoxDriver
remote stacktrace: stack backtrace:
   0:           0x4edb3c - backtrace::backtrace::trace::hc4bd56a2f176de7e
   1:           0x4edb72 - backtrace::capture::Backtrace::new::he3b2a15d39027c46
   2:           0x440ac8 - webdriver::error::WebDriverError::new::ha0fbd6d1a1131b43
   3:           0x447ba9 - geckodriver::marionette::MarionetteHandler::create_connection::hf0532ddb9e159684
   4:           0x428570 - <webdriver::server::Dispatcher<T, U>>::run::h2119c674d7b88193
   5:           0x4029b9 - std::sys_common::backtrace::__rust_begin_short_backtrace::h21d98a9ff86d4c25
   6:           0x40be65 - std::panicking::try::do_call::h5cff0c9b18cfdbba
   7:           0x5e6a6c - panic_unwind::__rust_maybe_catch_panic
                        at /checkout/src/libpanic_unwind/lib.rs:99
   8:           0x41eb22 - <F as alloc::boxed::FnBox<A>>::call_box::h413eb1d9d9f1c473
   9:           0x5df13b - alloc::boxed::{{impl}}::call_once<(),()>
                        at /checkout/src/liballoc/boxed.rs:692
                         - std::sys_common::thread::start_thread
                        at /checkout/src/libstd/sys_common/thread.rs:21
                         - std::sys::imp::thread::{{impl}}::new::thread_start
                        at /checkout/src/libstd/sys/unix/thread.rs:84
	at org.openqa.selenium.remote.W3CHandshakeResponse.lambda$new$0(W3CHandshakeResponse.java:57)
	at org.openqa.selenium.remote.W3CHandshakeResponse.lambda$getResponseFunction$2(W3CHandshakeResponse.java:104)
	at org.openqa.selenium.remote.ProtocolHandshake.lambda$createSession$22(ProtocolHandshake.java:365)
	at java.util.stream.ReferencePipeline$3$1.accept(ReferencePipeline.java:193)
	at java.util.Spliterators$ArraySpliterator.tryAdvance(Spliterators.java:958)
	at java.util.stream.ReferencePipeline.forEachWithCancel(ReferencePipeline.java:126)
	at java.util.stream.AbstractPipeline.copyIntoWithCancel(AbstractPipeline.java:498)
	at java.util.stream.AbstractPipeline.copyInto(AbstractPipeline.java:485)
	at java.util.stream.AbstractPipeline.wrapAndCopyInto(AbstractPipeline.java:471)
	at java.util.stream.FindOps$FindOp.evaluateSequential(FindOps.java:152)
	at java.util.stream.AbstractPipeline.evaluate(AbstractPipeline.java:234)
	at java.util.stream.ReferencePipeline.findFirst(ReferencePipeline.java:464)
	at org.openqa.selenium.remote.ProtocolHandshake.createSession(ProtocolHandshake.java:368)
	at org.openqa.selenium.remote.ProtocolHandshake.createSession(ProtocolHandshake.java:159)
	at org.openqa.selenium.remote.HttpCommandExecutor.execute(HttpCommandExecutor.java:142)
	at org.openqa.selenium.remote.service.DriverCommandExecutor.execute(DriverCommandExecutor.java:82)
	at org.openqa.selenium.remote.RemoteWebDriver.execute(RemoteWebDriver.java:637)
	at org.openqa.selenium.remote.RemoteWebDriver.startSession(RemoteWebDriver.java:250)
	at org.openqa.selenium.remote.RemoteWebDriver.startSession(RemoteWebDriver.java:236)
	at org.openqa.selenium.remote.RemoteWebDriver.<init>(RemoteWebDriver.java:137)
	at org.openqa.selenium.firefox.FirefoxDriver.<init>(FirefoxDriver.java:191)
	at org.openqa.selenium.firefox.FirefoxDriver.<init>(FirefoxDriver.java:108)
	at org.openqa.selenium.firefox.FirefoxDriver.<init>(FirefoxDriver.java:104)
	at example.NewTest.testgooglrsearch(NewTest.java:17)
... Removed 28 stack frames]]>
    </failure>
  </testcase> <!-- testgooglrsearch -->
</testsuite> <!-- Test -->
